[1.454s] Invoking command in '/home/robotica/ros2_ws/src/proyectoT1T4': PYTHONPATH=/home/robotica/ros2_ws/src/build/proyectoT1T4/prefix_override:/usr/lib/python3/dist-packages/colcon_core/task/python/colcon_distutils_commands:/home/robotica/ros2_ws/src/install/proyectoT1T4/lib/python3.12/site-packages:${PYTHONPATH} /usr/bin/python3 -W ignore:setup.py install is deprecated setup.py egg_info --egg-base ../build/proyectoT1T4 build --build-base /home/robotica/ros2_ws/src/build/proyectoT1T4/build install --record /home/robotica/ros2_ws/src/build/proyectoT1T4/install.log --single-version-externally-managed install_data
[1.762s] running egg_info
[1.763s] creating ../build/proyectoT1T4/proyectoT1T4.egg-info
[1.782s] writing ../build/proyectoT1T4/proyectoT1T4.egg-info/PKG-INFO
[1.782s] writing dependency_links to ../build/proyectoT1T4/proyectoT1T4.egg-info/dependency_links.txt
[1.782s] writing entry points to ../build/proyectoT1T4/proyectoT1T4.egg-info/entry_points.txt
[1.783s] writing requirements to ../build/proyectoT1T4/proyectoT1T4.egg-info/requires.txt
[1.783s] writing top-level names to ../build/proyectoT1T4/proyectoT1T4.egg-info/top_level.txt
[1.783s] writing manifest file '../build/proyectoT1T4/proyectoT1T4.egg-info/SOURCES.txt'
[1.822s] reading manifest file '../build/proyectoT1T4/proyectoT1T4.egg-info/SOURCES.txt'
[1.823s] adding license file 'LICENSE'
[1.823s] writing manifest file '../build/proyectoT1T4/proyectoT1T4.egg-info/SOURCES.txt'
[1.824s] running build
[1.824s] running build_py
[1.824s] creating /home/robotica/ros2_ws/src/build/proyectoT1T4/build
[1.824s] creating /home/robotica/ros2_ws/src/build/proyectoT1T4/build/lib
[1.824s] creating /home/robotica/ros2_ws/src/build/proyectoT1T4/build/lib/proyectoT1T4
[1.824s] copying proyectoT1T4/nodo_robot.py -> /home/robotica/ros2_ws/src/build/proyectoT1T4/build/lib/proyectoT1T4
[1.824s] copying proyectoT1T4/__init__.py -> /home/robotica/ros2_ws/src/build/proyectoT1T4/build/lib/proyectoT1T4
[1.825s] running install
[1.833s] running install_lib
[1.853s] creating /home/robotica/ros2_ws/src/install/proyectoT1T4/lib/python3.12/site-packages/proyectoT1T4
[1.854s] copying /home/robotica/ros2_ws/src/build/proyectoT1T4/build/lib/proyectoT1T4/nodo_robot.py -> /home/robotica/ros2_ws/src/install/proyectoT1T4/lib/python3.12/site-packages/proyectoT1T4
[1.854s] copying /home/robotica/ros2_ws/src/build/proyectoT1T4/build/lib/proyectoT1T4/__init__.py -> /home/robotica/ros2_ws/src/install/proyectoT1T4/lib/python3.12/site-packages/proyectoT1T4
[1.854s] byte-compiling /home/robotica/ros2_ws/src/install/proyectoT1T4/lib/python3.12/site-packages/proyectoT1T4/nodo_robot.py to nodo_robot.cpython-312.pyc
[1.855s] byte-compiling /home/robotica/ros2_ws/src/install/proyectoT1T4/lib/python3.12/site-packages/proyectoT1T4/__init__.py to __init__.cpython-312.pyc
[1.855s] running install_data
[1.855s] creating /home/robotica/ros2_ws/src/install/proyectoT1T4/share/ament_index
[1.855s] creating /home/robotica/ros2_ws/src/install/proyectoT1T4/share/ament_index/resource_index
[1.856s] creating /home/robotica/ros2_ws/src/install/proyectoT1T4/share/ament_index/resource_index/packages
[1.856s] copying resource/proyectoT1T4 -> /home/robotica/ros2_ws/src/install/proyectoT1T4/share/ament_index/resource_index/packages
[1.856s] copying package.xml -> /home/robotica/ros2_ws/src/install/proyectoT1T4/share/proyectoT1T4
[1.856s] running install_egg_info
[1.878s] Copying ../build/proyectoT1T4/proyectoT1T4.egg-info to /home/robotica/ros2_ws/src/install/proyectoT1T4/lib/python3.12/site-packages/proyectoT1T4-0.0.0-py3.12.egg-info
[1.879s] running install_scripts
[2.022s] Installing nodo_robot script to /home/robotica/ros2_ws/src/install/proyectoT1T4/lib/proyectoT1T4
[2.023s] writing list of installed files to '/home/robotica/ros2_ws/src/build/proyectoT1T4/install.log'
[2.097s] Invoked command in '/home/robotica/ros2_ws/src/proyectoT1T4' returned '0': PYTHONPATH=/home/robotica/ros2_ws/src/build/proyectoT1T4/prefix_override:/usr/lib/python3/dist-packages/colcon_core/task/python/colcon_distutils_commands:/home/robotica/ros2_ws/src/install/proyectoT1T4/lib/python3.12/site-packages:${PYTHONPATH} /usr/bin/python3 -W ignore:setup.py install is deprecated setup.py egg_info --egg-base ../build/proyectoT1T4 build --build-base /home/robotica/ros2_ws/src/build/proyectoT1T4/build install --record /home/robotica/ros2_ws/src/build/proyectoT1T4/install.log --single-version-externally-managed install_data
