[1.493s] Invoking command in '/home/robotica/ros2_ws/src/proyectoT1T4': PYTHONPATH=/home/robotica/ros2_ws/build/proyectoT1T4/prefix_override:/usr/lib/python3/dist-packages/colcon_core/task/python/colcon_distutils_commands:/home/robotica/ros2_ws/install/proyectoT1T4/lib/python3.12/site-packages:${PYTHONPATH} /usr/bin/python3 -W ignore:setup.py install is deprecated setup.py egg_info --egg-base ../../build/proyectoT1T4 build --build-base /home/robotica/ros2_ws/build/proyectoT1T4/build install --record /home/robotica/ros2_ws/build/proyectoT1T4/install.log --single-version-externally-managed install_data
[1.797s] running egg_info
[1.798s] creating ../../build/proyectoT1T4/proyectoT1T4.egg-info
[1.817s] writing ../../build/proyectoT1T4/proyectoT1T4.egg-info/PKG-INFO
[1.817s] writing dependency_links to ../../build/proyectoT1T4/proyectoT1T4.egg-info/dependency_links.txt
[1.817s] writing entry points to ../../build/proyectoT1T4/proyectoT1T4.egg-info/entry_points.txt
[1.817s] writing requirements to ../../build/proyectoT1T4/proyectoT1T4.egg-info/requires.txt
[1.817s] writing top-level names to ../../build/proyectoT1T4/proyectoT1T4.egg-info/top_level.txt
[1.818s] writing manifest file '../../build/proyectoT1T4/proyectoT1T4.egg-info/SOURCES.txt'
[1.857s] reading manifest file '../../build/proyectoT1T4/proyectoT1T4.egg-info/SOURCES.txt'
[1.858s] adding license file 'LICENSE'
[1.858s] writing manifest file '../../build/proyectoT1T4/proyectoT1T4.egg-info/SOURCES.txt'
[1.858s] running build
[1.859s] running build_py
[1.859s] creating /home/robotica/ros2_ws/build/proyectoT1T4/build
[1.859s] creating /home/robotica/ros2_ws/build/proyectoT1T4/build/lib
[1.859s] creating /home/robotica/ros2_ws/build/proyectoT1T4/build/lib/proyectoT1T4
[1.859s] copying proyectoT1T4/servoController.py -> /home/robotica/ros2_ws/build/proyectoT1T4/build/lib/proyectoT1T4
[1.860s] copying proyectoT1T4/nodo_robot.py -> /home/robotica/ros2_ws/build/proyectoT1T4/build/lib/proyectoT1T4
[1.860s] copying proyectoT1T4/__init__.py -> /home/robotica/ros2_ws/build/proyectoT1T4/build/lib/proyectoT1T4
[1.860s] running install
[1.869s] running install_lib
[1.890s] creating /home/robotica/ros2_ws/install/proyectoT1T4/lib/python3.12/site-packages/proyectoT1T4
[1.890s] copying /home/robotica/ros2_ws/build/proyectoT1T4/build/lib/proyectoT1T4/servoController.py -> /home/robotica/ros2_ws/install/proyectoT1T4/lib/python3.12/site-packages/proyectoT1T4
[1.890s] copying /home/robotica/ros2_ws/build/proyectoT1T4/build/lib/proyectoT1T4/nodo_robot.py -> /home/robotica/ros2_ws/install/proyectoT1T4/lib/python3.12/site-packages/proyectoT1T4
[1.890s] copying /home/robotica/ros2_ws/build/proyectoT1T4/build/lib/proyectoT1T4/__init__.py -> /home/robotica/ros2_ws/install/proyectoT1T4/lib/python3.12/site-packages/proyectoT1T4
[1.891s] byte-compiling /home/robotica/ros2_ws/install/proyectoT1T4/lib/python3.12/site-packages/proyectoT1T4/servoController.py to servoController.cpython-312.pyc
[1.892s] byte-compiling /home/robotica/ros2_ws/install/proyectoT1T4/lib/python3.12/site-packages/proyectoT1T4/nodo_robot.py to nodo_robot.cpython-312.pyc
[1.893s] byte-compiling /home/robotica/ros2_ws/install/proyectoT1T4/lib/python3.12/site-packages/proyectoT1T4/__init__.py to __init__.cpython-312.pyc
[1.893s] running install_data
[1.893s] creating /home/robotica/ros2_ws/install/proyectoT1T4/share/ament_index
[1.893s] creating /home/robotica/ros2_ws/install/proyectoT1T4/share/ament_index/resource_index
[1.894s] creating /home/robotica/ros2_ws/install/proyectoT1T4/share/ament_index/resource_index/packages
[1.894s] copying resource/proyectoT1T4 -> /home/robotica/ros2_ws/install/proyectoT1T4/share/ament_index/resource_index/packages
[1.894s] copying package.xml -> /home/robotica/ros2_ws/install/proyectoT1T4/share/proyectoT1T4
[1.894s] running install_egg_info
[1.916s] Copying ../../build/proyectoT1T4/proyectoT1T4.egg-info to /home/robotica/ros2_ws/install/proyectoT1T4/lib/python3.12/site-packages/proyectoT1T4-0.0.0-py3.12.egg-info
[1.917s] running install_scripts
[2.060s] Installing nodo_robot script to /home/robotica/ros2_ws/install/proyectoT1T4/lib/proyectoT1T4
[2.060s] writing list of installed files to '/home/robotica/ros2_ws/build/proyectoT1T4/install.log'
[2.134s] Invoked command in '/home/robotica/ros2_ws/src/proyectoT1T4' returned '0': PYTHONPATH=/home/robotica/ros2_ws/build/proyectoT1T4/prefix_override:/usr/lib/python3/dist-packages/colcon_core/task/python/colcon_distutils_commands:/home/robotica/ros2_ws/install/proyectoT1T4/lib/python3.12/site-packages:${PYTHONPATH} /usr/bin/python3 -W ignore:setup.py install is deprecated setup.py egg_info --egg-base ../../build/proyectoT1T4 build --build-base /home/robotica/ros2_ws/build/proyectoT1T4/build install --record /home/robotica/ros2_ws/build/proyectoT1T4/install.log --single-version-externally-managed install_data
