[1.025s] Invoking command in '/home/robotica/ros2_ws/src/proyectoT1T4': PYTHONPATH=/home/robotica/ros2_ws/build/proyectoT1T4/prefix_override:/usr/lib/python3/dist-packages/colcon_core/task/python/colcon_distutils_commands:/home/robotica/ros2_ws/install/proyectoT1T4/lib/python3.12/site-packages:${PYTHONPATH} /usr/bin/python3 -W ignore:setup.py install is deprecated setup.py egg_info --egg-base ../../build/proyectoT1T4 build --build-base /home/robotica/ros2_ws/build/proyectoT1T4/build install --record /home/robotica/ros2_ws/build/proyectoT1T4/install.log --single-version-externally-managed install_data
[1.333s] running egg_info
[1.352s] writing ../../build/proyectoT1T4/proyectoT1T4.egg-info/PKG-INFO
[1.352s] writing dependency_links to ../../build/proyectoT1T4/proyectoT1T4.egg-info/dependency_links.txt
[1.353s] writing entry points to ../../build/proyectoT1T4/proyectoT1T4.egg-info/entry_points.txt
[1.354s] writing requirements to ../../build/proyectoT1T4/proyectoT1T4.egg-info/requires.txt
[1.355s] writing top-level names to ../../build/proyectoT1T4/proyectoT1T4.egg-info/top_level.txt
[1.397s] reading manifest file '../../build/proyectoT1T4/proyectoT1T4.egg-info/SOURCES.txt'
[1.397s] adding license file 'LICENSE'
[1.398s] writing manifest file '../../build/proyectoT1T4/proyectoT1T4.egg-info/SOURCES.txt'
[1.398s] running build
[1.398s] running build_py
[1.399s] running install
[1.408s] running install_lib
[1.428s] running install_data
[1.428s] running install_egg_info
[1.450s] removing '/home/robotica/ros2_ws/install/proyectoT1T4/lib/python3.12/site-packages/proyectoT1T4-0.0.0-py3.12.egg-info' (and everything under it)
[1.450s] Copying ../../build/proyectoT1T4/proyectoT1T4.egg-info to /home/robotica/ros2_ws/install/proyectoT1T4/lib/python3.12/site-packages/proyectoT1T4-0.0.0-py3.12.egg-info
[1.451s] running install_scripts
[1.596s] Installing nodo_robot script to /home/robotica/ros2_ws/install/proyectoT1T4/lib/proyectoT1T4
[1.596s] writing list of installed files to '/home/robotica/ros2_ws/build/proyectoT1T4/install.log'
[1.670s] Invoked command in '/home/robotica/ros2_ws/src/proyectoT1T4' returned '0': PYTHONPATH=/home/robotica/ros2_ws/build/proyectoT1T4/prefix_override:/usr/lib/python3/dist-packages/colcon_core/task/python/colcon_distutils_commands:/home/robotica/ros2_ws/install/proyectoT1T4/lib/python3.12/site-packages:${PYTHONPATH} /usr/bin/python3 -W ignore:setup.py install is deprecated setup.py egg_info --egg-base ../../build/proyectoT1T4 build --build-base /home/robotica/ros2_ws/build/proyectoT1T4/build install --record /home/robotica/ros2_ws/build/proyectoT1T4/install.log --single-version-externally-managed install_data
